<?xml version="1.0" encoding="UTF-8"?>
<!-- Generated by org.testng.reporters.JUnitReportReporter -->
<testsuite hostname="ANANDKUK-LAP" name="anandk.Example2" tests="1" failures="0" timestamp="11 Feb 2019 22:52:26 GMT" time="20.012" errors="0">
  <testcase name="enterDataInTextFields" time="20.012" classname="anandk.Example2"/>
</testsuite> <!-- anandk.Example2 -->
