<?xml version="1.0" encoding="UTF-8"?>
<!-- Generated by org.testng.reporters.JUnitReportReporter -->
<testsuite hostname="ANANDKUK-LAP" name="anandk.Example12" tests="1" failures="0" timestamp="12 Feb 2019 15:20:34 GMT" time="28.941" errors="0">
  <testcase name="enterDataInTextFields" time="28.941" classname="anandk.Example12"/>
</testsuite> <!-- anandk.Example12 -->
