<?xml version="1.0" encoding="UTF-8"?>
<!-- Generated by org.testng.reporters.JUnitReportReporter -->
<testsuite hostname="ANANDKUK-LAP" name="anandk.Example1" tests="1" failures="0" timestamp="11 Feb 2019 22:41:38 GMT" time="7.935" errors="0">
  <testcase name="enterDataInTextFields" time="7.935" classname="anandk.Example1"/>
</testsuite> <!-- anandk.Example1 -->
