<?xml version="1.0" encoding="UTF-8"?>
<!-- Generated by org.testng.reporters.JUnitReportReporter -->
<testsuite hostname="ANANDKUK-LAP" name="anandk.Example4" tests="1" failures="0" timestamp="11 Feb 2019 23:11:46 GMT" time="11.145" errors="0">
  <testcase name="enterDataInTextFields" time="11.145" classname="anandk.Example4"/>
</testsuite> <!-- anandk.Example4 -->
