<?xml version="1.0" encoding="UTF-8"?>
<!-- Generated by org.testng.reporters.JUnitReportReporter -->
<testsuite hostname="ANANDKUK-LAP" name="anandk.Example6" tests="1" failures="0" timestamp="11 Feb 2019 23:49:46 GMT" time="13.147" errors="0">
  <testcase name="enterDataInTextFields" time="13.147" classname="anandk.Example6"/>
</testsuite> <!-- anandk.Example6 -->
