<?xml version="1.0" encoding="UTF-8"?>
<!-- Generated by org.testng.reporters.JUnitReportReporter -->
<testsuite hostname="ANANDKUK-LAP" name="anandk.Example3" tests="1" failures="0" timestamp="11 Feb 2019 23:02:24 GMT" time="8.118" errors="0">
  <testcase name="enterDataInTextFields" time="8.118" classname="anandk.Example3"/>
</testsuite> <!-- anandk.Example3 -->
