<?xml version="1.0" encoding="UTF-8"?>
<!-- Generated by org.testng.reporters.JUnitReportReporter -->
<testsuite hostname="ANANDKUK-LAP" name="anandk.Example7" tests="1" failures="0" timestamp="12 Feb 2019 00:55:35 GMT" time="14.753" errors="0">
  <testcase name="enterDataInTextFields" time="14.753" classname="anandk.Example7"/>
</testsuite> <!-- anandk.Example7 -->
