<?xml version="1.0" encoding="UTF-8"?>
<!-- Generated by org.testng.reporters.JUnitReportReporter -->
<testsuite hostname="ANANDKUK-LAP" name="anandk.Example9" tests="1" failures="0" timestamp="12 Feb 2019 14:13:03 GMT" time="5.557" errors="0">
  <testcase name="enterDataInTextFields" time="5.557" classname="anandk.Example9"/>
</testsuite> <!-- anandk.Example9 -->
