<?xml version="1.0" encoding="UTF-8"?>
<!-- Generated by org.testng.reporters.JUnitReportReporter -->
<testsuite hostname="ANANDKUK-LAP" name="anandk.Example10" tests="1" failures="0" timestamp="12 Feb 2019 14:46:52 GMT" time="23.293" errors="0">
  <testcase name="enterDataInTextFields" time="23.293" classname="anandk.Example10"/>
</testsuite> <!-- anandk.Example10 -->
